0 info it worked if it ends with ok
1 verbose cli [ '/usr/local/bin/node',
1 verbose cli   '/usr/local/bin/npm',
1 verbose cli   'install',
1 verbose cli   '-g',
1 verbose cli   'nodemon' ]
2 info using npm@2.14.7
3 info using node@v4.2.1
4 verbose install initial load of /usr/local/lib/package.json
5 verbose readDependencies loading dependencies from /usr/local/lib/package.json
6 silly cache add args [ 'nodemon', null ]
7 verbose cache add spec nodemon
8 silly cache add parsed spec Result {
8 silly cache add   raw: 'nodemon',
8 silly cache add   scope: null,
8 silly cache add   name: 'nodemon',
8 silly cache add   rawSpec: '',
8 silly cache add   spec: '*',
8 silly cache add   type: 'range' }
9 silly addNamed nodemon@*
10 verbose addNamed "*" is a valid semver range for nodemon
11 silly addNameRange { name: 'nodemon', range: '*', hasData: false }
12 silly mapToRegistry name nodemon
13 silly mapToRegistry using default registry
14 silly mapToRegistry registry https://registry.npmjs.org/
15 silly mapToRegistry uri https://registry.npmjs.org/nodemon
16 verbose addNameRange registry:https://registry.npmjs.org/nodemon not in flight; fetching
17 verbose request uri https://registry.npmjs.org/nodemon
18 verbose request no auth needed
19 info attempt registry request try #1 at 12:07:53 PM
20 verbose request id d9c47de3ca5c80b9
21 verbose etag "BQOK5XKL2XVJ1G33CPOUEQR2U"
22 http request GET https://registry.npmjs.org/nodemon
23 http 200 https://registry.npmjs.org/nodemon
24 verbose headers { server: 'CouchDB/1.5.0 (Erlang OTP/R16B03)',
24 verbose headers   etag: '"J0X32ROLWHB4QP7B5I1I37CG"',
24 verbose headers   'content-type': 'application/json',
24 verbose headers   'cache-control': 'max-age=60',
24 verbose headers   'content-length': '179368',
24 verbose headers   'accept-ranges': 'bytes',
24 verbose headers   date: 'Tue, 27 Oct 2015 14:07:04 GMT',
24 verbose headers   via: '1.1 varnish',
24 verbose headers   age: '27',
24 verbose headers   connection: 'keep-alive',
24 verbose headers   'x-served-by': 'cache-iad2142-IAD',
24 verbose headers   'x-cache': 'HIT',
24 verbose headers   'x-cache-hits': '1',
24 verbose headers   'x-timer': 'S1445954824.330982,VS0,VE1',
24 verbose headers   vary: 'Accept' }
25 silly get cb [ 200,
25 silly get   { server: 'CouchDB/1.5.0 (Erlang OTP/R16B03)',
25 silly get     etag: '"J0X32ROLWHB4QP7B5I1I37CG"',
25 silly get     'content-type': 'application/json',
25 silly get     'cache-control': 'max-age=60',
25 silly get     'content-length': '179368',
25 silly get     'accept-ranges': 'bytes',
25 silly get     date: 'Tue, 27 Oct 2015 14:07:04 GMT',
25 silly get     via: '1.1 varnish',
25 silly get     age: '27',
25 silly get     connection: 'keep-alive',
25 silly get     'x-served-by': 'cache-iad2142-IAD',
25 silly get     'x-cache': 'HIT',
25 silly get     'x-cache-hits': '1',
25 silly get     'x-timer': 'S1445954824.330982,VS0,VE1',
25 silly get     vary: 'Accept' } ]
26 verbose get saving nodemon to /Users/pablohenrique/.npm/registry.npmjs.org/nodemon/.cache.json
27 silly addNameRange number 2 { name: 'nodemon', range: '*', hasData: true }
28 silly addNameRange versions [ 'nodemon',
28 silly addNameRange   [ '0.1.4',
28 silly addNameRange     '0.1.5',
28 silly addNameRange     '0.1.6',
28 silly addNameRange     '0.1.7',
28 silly addNameRange     '0.1.8',
28 silly addNameRange     '0.2.0',
28 silly addNameRange     '0.2.1',
28 silly addNameRange     '0.2.2',
28 silly addNameRange     '0.3.0',
28 silly addNameRange     '0.3.1',
28 silly addNameRange     '0.3.2',
28 silly addNameRange     '0.4.0',
28 silly addNameRange     '0.4.1',
28 silly addNameRange     '0.5.0',
28 silly addNameRange     '0.5.1',
28 silly addNameRange     '0.5.2',
28 silly addNameRange     '0.5.3',
28 silly addNameRange     '0.5.4',
28 silly addNameRange     '0.5.5',
28 silly addNameRange     '0.5.6',
28 silly addNameRange     '0.5.7',
28 silly addNameRange     '0.6.0',
28 silly addNameRange     '0.6.1',
28 silly addNameRange     '0.6.2',
28 silly addNameRange     '0.6.3',
28 silly addNameRange     '0.6.4',
28 silly addNameRange     '0.6.5',
28 silly addNameRange     '0.6.6',
28 silly addNameRange     '0.6.7',
28 silly addNameRange     '0.6.8',
28 silly addNameRange     '0.6.9',
28 silly addNameRange     '0.6.10',
28 silly addNameRange     '0.6.11',
28 silly addNameRange     '0.6.12',
28 silly addNameRange     '0.6.13',
28 silly addNameRange     '0.6.14',
28 silly addNameRange     '0.6.15',
28 silly addNameRange     '0.6.16',
28 silly addNameRange     '0.6.17',
28 silly addNameRange     '0.6.18',
28 silly addNameRange     '0.6.19',
28 silly addNameRange     '0.6.20',
28 silly addNameRange     '0.6.21',
28 silly addNameRange     '0.6.22',
28 silly addNameRange     '0.6.23',
28 silly addNameRange     '0.7.0',
28 silly addNameRange     '0.7.1',
28 silly addNameRange     '0.7.2',
28 silly addNameRange     '0.7.3',
28 silly addNameRange     '0.7.4',
28 silly addNameRange     '0.7.5',
28 silly addNameRange     '0.7.6',
28 silly addNameRange     '0.7.7',
28 silly addNameRange     '0.7.8',
28 silly addNameRange     '0.7.10',
28 silly addNameRange     '0.9.0',
28 silly addNameRange     '0.9.1',
28 silly addNameRange     '0.9.2',
28 silly addNameRange     '0.9.3',
28 silly addNameRange     '0.9.5',
28 silly addNameRange     '0.9.6',
28 silly addNameRange     '0.9.7',
28 silly addNameRange     '0.9.10',
28 silly addNameRange     '0.9.11',
28 silly addNameRange     '0.9.12',
28 silly addNameRange     '0.9.14',
28 silly addNameRange     '0.9.16',
28 silly addNameRange     '0.9.17',
28 silly addNameRange     '1.0.0',
28 silly addNameRange     '1.0.1',
28 silly addNameRange     '1.0.2',
28 silly addNameRange     '1.0.2-rc',
28 silly addNameRange     '0.6.10-a',
28 silly addNameRange     '1.0.2-rc3',
28 silly addNameRange     '1.0.2-rc4',
28 silly addNameRange     '1.0.3',
28 silly addNameRange     '1.0.4',
28 silly addNameRange     '1.0.5',
28 silly addNameRange     '1.0.6',
28 silly addNameRange     '1.0.7',
28 silly addNameRange     '1.0.8',
28 silly addNameRange     '1.0.9',
28 silly addNameRange     '1.0.10',
28 silly addNameRange     '1.0.11',
28 silly addNameRange     '1.0.12',
28 silly addNameRange     '1.0.13',
28 silly addNameRange     '1.0.14',
28 silly addNameRange     '1.0.15',
28 silly addNameRange     '1.0.16',
28 silly addNameRange     '1.0.17-rc1',
28 silly addNameRange     '1.0.17-rc2',
28 silly addNameRange     '1.0.17',
28 silly addNameRange     '1.0.18',
28 silly addNameRange     '1.0.19',
28 silly addNameRange     '1.0.20',
28 silly addNameRange     '1.1.0-alpha',
28 silly addNameRange     '1.1.0',
28 silly addNameRange     '1.1.1',
28 silly addNameRange     '1.2.0',
28 silly addNameRange     '1.2.1',
28 silly addNameRange     '1.3.0-0',
28 silly addNameRange     '1.3.0-1',
28 silly addNameRange     '1.3.0-2',
28 silly addNameRange     '1.3.0-3',
28 silly addNameRange     '1.3.0-4',
28 silly addNameRange     '1.3.0-5',
28 silly addNameRange     '1.3.0-6',
28 silly addNameRange     '1.3.0-7',
28 silly addNameRange     '1.3.0',
28 silly addNameRange     '1.3.1',
28 silly addNameRange     '1.3.2',
28 silly addNameRange     '1.3.3',
28 silly addNameRange     '1.3.5',
28 silly addNameRange     '1.3.6',
28 silly addNameRange     '1.3.7',
28 silly addNameRange     '1.3.8',
28 silly addNameRange     '1.4.0',
28 silly addNameRange     '1.4.1',
28 silly addNameRange     '1.5.0-alpha1',
28 silly addNameRange     '1.5.0-alpha2',
28 silly addNameRange     '1.5.0-alpha3',
28 silly addNameRange     '1.5.0-alpha4',
28 silly addNameRange     '1.4.2',
28 silly addNameRange     '1.5.0',
28 silly addNameRange     '1.5.1',
28 silly addNameRange     '1.6.0',
28 silly addNameRange     '1.6.1',
28 silly addNameRange     '1.7.0',
28 silly addNameRange     '1.7.1',
28 silly addNameRange     '1.7.2',
28 silly addNameRange     '1.7.3',
28 silly addNameRange     '1.8.0' ] ]
29 silly addNamed nodemon@1.8.0
30 verbose addNamed "1.8.0" is a plain semver version for nodemon
31 silly mapToRegistry name nodemon
32 silly mapToRegistry using default registry
33 silly mapToRegistry registry https://registry.npmjs.org/
34 silly mapToRegistry uri https://registry.npmjs.org/nodemon
35 verbose addRemoteTarball https://registry.npmjs.org/nodemon/-/nodemon-1.8.0.tgz not in flight; adding
36 verbose addRemoteTarball [ 'https://registry.npmjs.org/nodemon/-/nodemon-1.8.0.tgz',
36 verbose addRemoteTarball   '37114e9d1b231975a8be9d36572c99338161fbae' ]
37 info retry fetch attempt 1 at 12:07:56 PM
38 info attempt registry request try #1 at 12:07:56 PM
39 http fetch GET https://registry.npmjs.org/nodemon/-/nodemon-1.8.0.tgz
40 http fetch 200 https://registry.npmjs.org/nodemon/-/nodemon-1.8.0.tgz
41 silly fetchAndShaCheck shasum 37114e9d1b231975a8be9d36572c99338161fbae
42 verbose addTmpTarball /var/folders/q0/0p9wjjw51711nvhs4lfs5w_00000gn/T/npm-1358-fb009d57/registry.npmjs.org/nodemon/-/nodemon-1.8.0.tgz not in flight; adding
43 verbose addTmpTarball already have metadata; skipping unpack for nodemon@1.8.0
44 silly cache afterAdd nodemon@1.8.0
45 verbose afterAdd /Users/pablohenrique/.npm/nodemon/1.8.0/package/package.json not in flight; writing
46 verbose afterAdd /Users/pablohenrique/.npm/nodemon/1.8.0/package/package.json written
47 silly install resolved [ { name: 'nodemon',
47 silly install resolved     homepage: 'http://nodemon.io',
47 silly install resolved     author: { name: 'Remy Sharp', url: 'http://github.com/remy' },
47 silly install resolved     bin: { nodemon: './bin/nodemon.js' },
47 silly install resolved     engines: { node: '>=0.8' },
47 silly install resolved     repository: { type: 'git', url: 'git+https://github.com/remy/nodemon.git' },
47 silly install resolved     description: 'Simple monitor script for use during development of a node.js app.',
47 silly install resolved     keywords:
47 silly install resolved      [ 'monitor',
47 silly install resolved        'development',
47 silly install resolved        'restart',
47 silly install resolved        'autoload',
47 silly install resolved        'reload',
47 silly install resolved        'terminal' ],
47 silly install resolved     preferGlobal: 'true',
47 silly install resolved     license: 'MIT',
47 silly install resolved     main: './lib/nodemon',
47 silly install resolved     scripts:
47 silly install resolved      { coverage: 'istanbul cover _mocha -- --timeout 30000 --ui bdd --reporter list test/**/*.test.js',
47 silly install resolved        lint: 'jscs lib/**/*.js -v',
47 silly install resolved        ':spec': 'mocha --timeout 30000 --ui bdd test/**/*.test.js',
47 silly install resolved        test: 'npm run lint && npm run spec',
47 silly install resolved        spec: 'for FILE in test/**/*.test.js; do echo $FILE; ./node_modules/.bin/mocha --timeout 30000 $FILE; if [ $? -ne 0 ]; then exit 1; fi; sleep 1; done',
47 silly install resolved        web: 'node web',
47 silly install resolved        'semantic-release': 'semantic-release pre && npm publish && semantic-release post' },
47 silly install resolved     devDependencies:
47 silly install resolved      { async: '1.4.2',
47 silly install resolved        'coffee-script': '~1.7.1',
47 silly install resolved        connect: '~2.19.1',
47 silly install resolved        istanbul: '~0.2.10',
47 silly install resolved        jscs: '2.1.1',
47 silly install resolved        mocha: '2.3.3',
47 silly install resolved        should: '~4.0.0',
47 silly install resolved        'semantic-release': '4.3.5' },
47 silly install resolved     dependencies:
47 silly install resolved      { chokidar: '^1.2.0',
47 silly install resolved        debug: '^2.2.0',
47 silly install resolved        'es6-promise': '^3.0.2',
47 silly install resolved        'lodash.defaults': '^3.1.2',
47 silly install resolved        minimatch: '^3.0.0',
47 silly install resolved        'ps-tree': '^1.0.1',
47 silly install resolved        touch: '1.0.0',
47 silly install resolved        undefsafe: '0.0.3',
47 silly install resolved        'update-notifier': '0.5.0' },
47 silly install resolved     version: '1.8.0',
47 silly install resolved     gitHead: 'f5d1a04cc80f1bc963c20627177e545be42aeee7',
47 silly install resolved     bugs: { url: 'https://github.com/remy/nodemon/issues' },
47 silly install resolved     _id: 'nodemon@1.8.0',
47 silly install resolved     _shasum: '37114e9d1b231975a8be9d36572c99338161fbae',
47 silly install resolved     _from: 'nodemon@*',
47 silly install resolved     _npmVersion: '2.14.8',
47 silly install resolved     _nodeVersion: '4.2.1',
47 silly install resolved     _npmUser: { name: 'remy', email: 'remy@leftlogic.com' },
47 silly install resolved     dist:
47 silly install resolved      { shasum: '37114e9d1b231975a8be9d36572c99338161fbae',
47 silly install resolved        tarball: 'http://registry.npmjs.org/nodemon/-/nodemon-1.8.0.tgz' },
47 silly install resolved     maintainers: [ [Object] ],
47 silly install resolved     directories: {},
47 silly install resolved     _resolved: 'https://registry.npmjs.org/nodemon/-/nodemon-1.8.0.tgz' } ]
48 info install nodemon@1.8.0 into /usr/local/lib
49 info installOne nodemon@1.8.0
50 verbose installOne of nodemon to /usr/local/lib not in flight; installing
51 verbose lock using /Users/pablohenrique/.npm/_locks/nodemon-49f7ed19e778991e.lock for /usr/local/lib/node_modules/nodemon
52 silly install write writing nodemon 1.8.0 to /usr/local/lib/node_modules/nodemon
53 verbose unbuild lib/node_modules/nodemon
54 info preuninstall nodemon@1.7.1
55 info uninstall nodemon@1.7.1
56 verbose unbuild rmStuff nodemon@1.7.1 from /usr/local/lib/node_modules
57 silly gentlyRm /usr/local/bin/nodemon is being gently removed
58 silly gentlyRm verifying /usr/local is an npm working directory
59 silly gentlyRm containing path /usr/local is under npm's control, in /usr/local
60 silly gentlyRm deletion target /usr/local/bin/nodemon is under /usr/local
61 verbose gentlyRm vacuuming from /usr/local/bin/nodemon up to /usr/local
62 silly vacuum-fs removing /usr/local/bin/nodemon
63 silly vacuum-fs quitting because other entries in /usr/local/bin
64 info postuninstall nodemon@1.7.1
65 silly gentlyRm /usr/local/lib/node_modules/nodemon is being purged from base /usr/local
66 verbose gentlyRm don't care about contents; nuking /usr/local/lib/node_modules/nodemon
67 silly vacuum-fs purging /usr/local/lib/node_modules/nodemon
68 verbose unlock done using /Users/pablohenrique/.npm/_locks/nodemon-49f7ed19e778991e.lock for /usr/local/lib/node_modules/nodemon
69 verbose stack Error: EACCES: permission denied, rmdir '/usr/local/lib/node_modules/nodemon'
69 verbose stack     at Error (native)
70 verbose cwd /Users/pablohenrique/Documents/personal/rednit-back
71 error Darwin 15.0.0
72 error argv "/usr/local/bin/node" "/usr/local/bin/npm" "install" "-g" "nodemon"
73 error node v4.2.1
74 error npm  v2.14.7
75 error path /usr/local/lib/node_modules/nodemon
76 error code EACCES
77 error errno -13
78 error syscall rmdir
79 error Error: EACCES: permission denied, rmdir '/usr/local/lib/node_modules/nodemon'
79 error     at Error (native)
79 error  { [Error: EACCES: permission denied, rmdir '/usr/local/lib/node_modules/nodemon']
79 error   errno: -13,
79 error   code: 'EACCES',
79 error   syscall: 'rmdir',
79 error   path: '/usr/local/lib/node_modules/nodemon' }
80 error Please try running this command again as root/Administrator.
81 verbose exit [ -13, true ]
82 verbose unbuild lib/node_modules/nodemon
83 info preuninstall nodemon@1.7.1
84 info uninstall nodemon@1.7.1
85 verbose unbuild rmStuff nodemon@1.7.1 from /usr/local/lib/node_modules
86 silly gentlyRm /usr/local/bin/nodemon is being gently removed
87 silly gentlyRm verifying /usr/local is an npm working directory
88 silly gentlyRm containing path /usr/local is under npm's control, in /usr/local
89 silly gentlyRm deletion target /usr/local/bin/nodemon is under /usr/local
90 verbose gentlyRm vacuuming from /usr/local/bin/nodemon up to /usr/local
91 info postuninstall nodemon@1.7.1
92 silly gentlyRm /usr/local/lib/node_modules/nodemon is being purged from base /usr/local
93 verbose gentlyRm don't care about contents; nuking /usr/local/lib/node_modules/nodemon
94 silly vacuum-fs purging /usr/local/lib/node_modules/nodemon
95 error error rolling back Error: EACCES: permission denied, rmdir '/usr/local/lib/node_modules/nodemon'
95 error error rolling back     at Error (native)
95 error error rolling back  { [Error: EACCES: permission denied, rmdir '/usr/local/lib/node_modules/nodemon']
95 error error rolling back   errno: -13,
95 error error rolling back   code: 'EACCES',
95 error error rolling back   syscall: 'rmdir',
95 error error rolling back   path: '/usr/local/lib/node_modules/nodemon' }
